[debug] [2024-03-11T19:11:31.201Z] ----------------------------------------------------------------------
[debug] [2024-03-11T19:11:31.204Z] Command:       C:\Program Files\nodejs\node.exe C:\Users\safva\AppData\Roaming\npm\node_modules\firebase-tools\lib\bin\firebase.js init
[debug] [2024-03-11T19:11:31.204Z] CLI Version:   13.4.1
[debug] [2024-03-11T19:11:31.204Z] Platform:      win32
[debug] [2024-03-11T19:11:31.205Z] Node Version:  v20.10.0
[debug] [2024-03-11T19:11:31.205Z] Time:          Tue Mar 12 2024 00:41:31 GMT+0530 (India Standard Time)
[debug] [2024-03-11T19:11:31.205Z] ----------------------------------------------------------------------
[debug] 
[debug] [2024-03-11T19:11:31.208Z] >>> [apiv2][query] GET https://firebase-public.firebaseio.com/cli.json [none]
[debug] [2024-03-11T19:11:31.257Z] > command requires scopes: ["email","openid","https://www.googleapis.com/auth/cloudplatformprojects.readonly","https://www.googleapis.com/auth/firebase","https://www.googleapis.com/auth/cloud-platform"]
[debug] [2024-03-11T19:11:31.258Z] > authorizing via signed-in user (safvanhameed5@gmail.com)
[info] 
     ######## #### ########  ######## ########     ###     ######  ########
     ##        ##  ##     ## ##       ##     ##  ##   ##  ##       ##
     ######    ##  ########  ######   ########  #########  ######  ######
     ##        ##  ##    ##  ##       ##     ## ##     ##       ## ##
     ##       #### ##     ## ######## ########  ##     ##  ######  ########

You're about to initialize a Firebase project in this directory:

  D:\EXPENSE_TRACKER\trackmyexpense

[debug] [2024-03-11T19:11:31.853Z] <<< [apiv2][status] GET https://firebase-public.firebaseio.com/cli.json 200
[debug] [2024-03-11T19:11:31.853Z] <<< [apiv2][body] GET https://firebase-public.firebaseio.com/cli.json {"cloudBuildErrorAfter":1594252800000,"cloudBuildWarnAfter":1590019200000,"defaultNode10After":1594252800000,"minVersion":"3.0.5","node8DeploysDisabledAfter":1613390400000,"node8RuntimeDisabledAfter":1615809600000,"node8WarnAfter":1600128000000}
[info] 
=== Project Setup
[info] 
[info] First, let's associate this project directory with a Firebase project.
[info] You can create multiple project aliases by running firebase use --add, 
[info] but for now we'll just set up a default project.
[info] 
[debug] [2024-03-11T19:12:34.911Z] > refreshing access token with scopes: []
[debug] [2024-03-11T19:12:34.912Z] >>> [apiv2][query] POST https://www.googleapis.com/oauth2/v3/token [none]
[debug] [2024-03-11T19:12:34.912Z] >>> [apiv2][body] POST https://www.googleapis.com/oauth2/v3/token [omitted]
[debug] [2024-03-11T19:12:35.109Z] <<< [apiv2][status] POST https://www.googleapis.com/oauth2/v3/token 200
[debug] [2024-03-11T19:12:35.109Z] <<< [apiv2][body] POST https://www.googleapis.com/oauth2/v3/token [omitted]
[debug] [2024-03-11T19:12:35.120Z] >>> [apiv2][query] GET https://firebase.googleapis.com/v1beta1/projects pageSize=100
[debug] [2024-03-11T19:12:35.744Z] <<< [apiv2][status] GET https://firebase.googleapis.com/v1beta1/projects 200
[debug] [2024-03-11T19:12:35.744Z] <<< [apiv2][body] GET https://firebase.googleapis.com/v1beta1/projects [omitted]
[info] i  Using project expense-tracker-66ce4 (expense-tracker) 
[info] 
=== Hosting Setup
[debug] [2024-03-11T19:12:43.016Z] >>> [apiv2][query] GET https://firebase.googleapis.com/v1beta1/projects/expense-tracker-66ce4 [none]
[debug] [2024-03-11T19:12:43.657Z] <<< [apiv2][status] GET https://firebase.googleapis.com/v1beta1/projects/expense-tracker-66ce4 200
[debug] [2024-03-11T19:12:43.658Z] <<< [apiv2][body] GET https://firebase.googleapis.com/v1beta1/projects/expense-tracker-66ce4 {"projectId":"expense-tracker-66ce4","projectNumber":"740334149625","displayName":"expense-tracker","name":"projects/expense-tracker-66ce4","resources":{"hostingSite":"expense-tracker-66ce4"},"state":"ACTIVE","etag":"1_9613d784-75c4-4ca3-be89-981e00bb0e43"}
[info] 
[info] Your public directory is the folder (relative to your project directory) that
[info] will contain Hosting assets to be uploaded with firebase deploy. If you
[info] have a build process for your assets, use your build's output directory.
[info] 
[info] +  Wrote public/404.html 
[debug] [2024-03-11T19:14:15.490Z] >>> [apiv2][query] GET https://www.gstatic.com/firebasejs/releases.json [none]
[debug] [2024-03-11T19:14:15.592Z] <<< [apiv2][status] GET https://www.gstatic.com/firebasejs/releases.json 200
[debug] [2024-03-11T19:14:15.592Z] <<< [apiv2][body] GET https://www.gstatic.com/firebasejs/releases.json {"current":{"version":"10.8.1","browserURL":"https://www.gstatic.com/firebasejs/10.8.1/firebase.js","packageURL":"https://www.gstatic.com/firebasejs/10.8.1/firebase.tgz"},"live":{"version":"10.8","browserURL":"https://www.gstatic.com/firebasejs/live/10.8/firebase.js","packageURL":"https://www.gstatic.com/firebasejs/live/10.8/firebase.tgz"},"components":{"analytics":"https://www.gstatic.com/firebasejs/10.8.1/firebase-analytics.js","app":"https://www.gstatic.com/firebasejs/10.8.1/firebase-app.js","app-check":"https://www.gstatic.com/firebasejs/10.8.1/firebase-app-check.js","auth":"https://www.gstatic.com/firebasejs/10.8.1/firebase-auth.js","auth/cordova":"https://www.gstatic.com/firebasejs/10.8.1/firebase-auth/cordova.js","auth/web-extension":"https://www.gstatic.com/firebasejs/10.8.1/firebase-auth/web-extension.js","functions":"https://www.gstatic.com/firebasejs/10.8.1/firebase-functions.js","firestore":"https://www.gstatic.com/firebasejs/10.8.1/firebase-firestore.js","firestore/lite":"https://www.gstatic.com/firebasejs/10.8.1/firebase-firestore/lite.js","installations":"https://www.gstatic.com/firebasejs/10.8.1/firebase-installations.js","storage":"https://www.gstatic.com/firebasejs/10.8.1/firebase-storage.js","performance":"https://www.gstatic.com/firebasejs/10.8.1/firebase-performance.js","remote-config":"https://www.gstatic.com/firebasejs/10.8.1/firebase-remote-config.js","messaging":"https://www.gstatic.com/firebasejs/10.8.1/firebase-messaging.js","messaging/sw":"https://www.gstatic.com/firebasejs/10.8.1/firebase-messaging/sw.js","database":"https://www.gstatic.com/firebasejs/10.8.1/firebase-database.js","firestore.memory":"https://www.gstatic.com/firebasejs/10.8.1/firebase-firestore.memory.js"}}
[info] i  Skipping write of public/index.html 
[info] 
[info] i  Detected a .git folder at D:\EXPENSE_TRACKER\trackmyexpense 
[info] i  Authorizing with GitHub to upload your service account to a GitHub repository's secrets store. 
[info] 
[info] Visit this URL on this device to log in:
[info] https://github.com/login/oauth/authorize?client_id=89cf50f02ac6aaed3484&state=98035269&redirect_uri=http%3A%2F%2Flocalhost%3A9005&scope=read%3Auser%20repo%20public_repo
[info] 
[info] Waiting for authentication...
[debug] [2024-03-11T19:15:12.440Z] >>> [apiv2][query] POST https://github.com/login/oauth/access_token [none]
[debug] [2024-03-11T19:15:12.441Z] >>> [apiv2][body] POST https://github.com/login/oauth/access_token [stream]
[debug] [2024-03-11T19:15:12.869Z] <<< [apiv2][status] POST https://github.com/login/oauth/access_token 200
[debug] [2024-03-11T19:15:12.869Z] <<< [apiv2][body] POST https://github.com/login/oauth/access_token {"access_token":"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","token_type":"bearer","scope":"read:user,repo"}
[debug] [2024-03-11T19:15:12.881Z] >>> [apiv2][query] GET https://api.github.com/user [none]
[debug] [2024-03-11T19:15:13.346Z] <<< [apiv2][status] GET https://api.github.com/user 200
[debug] [2024-03-11T19:15:13.346Z] <<< [apiv2][body] GET https://api.github.com/user {"login":"safvanhameed5","id":25670371,"node_id":"MDQ6VXNlcjI1NjcwMzcx","avatar_url":"https://avatars.githubusercontent.com/u/25670371?v=4","gravatar_id":"","url":"https://api.github.com/users/safvanhameed5","html_url":"https://github.com/safvanhameed5","followers_url":"https://api.github.com/users/safvanhameed5/followers","following_url":"https://api.github.com/users/safvanhameed5/following{/other_user}","gists_url":"https://api.github.com/users/safvanhameed5/gists{/gist_id}","starred_url":"https://api.github.com/users/safvanhameed5/starred{/owner}{/repo}","subscriptions_url":"https://api.github.com/users/safvanhameed5/subscriptions","organizations_url":"https://api.github.com/users/safvanhameed5/orgs","repos_url":"https://api.github.com/users/safvanhameed5/repos","events_url":"https://api.github.com/users/safvanhameed5/events{/privacy}","received_events_url":"https://api.github.com/users/safvanhameed5/received_events","type":"User","site_admin":false,"name":"Safvan Hameed","company":"Ascent Software Training Institute","blog":"","location":"Madiwala, Bengaluru","email":"safvanhameed5@gmail.com","hireable":null,"bio":"Python Full Stack Developer","twitter_username":null,"public_repos":4,"public_gists":0,"followers":0,"following":3,"created_at":"2017-02-09T18:41:44Z","updated_at":"2024-01-26T13:20:49Z","private_gists":0,"total_private_repos":0,"owned_private_repos":0,"disk_usage":502,"collaborators":0,"two_factor_authentication":false,"plan":{"name":"free","space":976562499,"collaborators":0,"private_repos":10000}}
[info] 
[info] +  Success! Logged into GitHub as safvanhameed5 
[info] 
